[debug] [2024-12-03T01:50:23.956Z] ----------------------------------------------------------------------
[debug] [2024-12-03T01:50:23.958Z] Command:       /Users/douwei/.nvm/versions/node/v18.17.0/bin/node /Users/douwei/.nvm/versions/node/v18.17.0/bin/firebase init
[debug] [2024-12-03T01:50:23.958Z] CLI Version:   13.27.0
[debug] [2024-12-03T01:50:23.959Z] Platform:      darwin
[debug] [2024-12-03T01:50:23.959Z] Node Version:  v18.17.0
[debug] [2024-12-03T01:50:23.960Z] Time:          Mon Dec 02 2024 20:50:23 GMT-0500 (Eastern Standard Time)
[debug] [2024-12-03T01:50:23.961Z] ----------------------------------------------------------------------
[debug] 
[debug] [2024-12-03T01:50:23.967Z] > command requires scopes: ["email","openid","https://www.googleapis.com/auth/cloudplatformprojects.readonly","https://www.googleapis.com/auth/firebase","https://www.googleapis.com/auth/cloud-platform"]
[debug] [2024-12-03T01:50:23.967Z] > authorizing via signed-in user (carmendou0514@gmail.com)
[info] 
     ######## #### ########  ######## ########     ###     ######  ########
     ##        ##  ##     ## ##       ##     ##  ##   ##  ##       ##
     ######    ##  ########  ######   ########  #########  ######  ######
     ##        ##  ##    ##  ##       ##     ## ##     ##       ## ##
     ##       #### ##     ## ######## ########  ##     ##  ######  ########

You're about to initialize a Firebase project in this directory:

  /Users/douwei/Desktop/2024Fall/2060/content-moderation-app

[info] 
=== Project Setup
[info] 
[info] First, let's associate this project directory with a Firebase project.
[info] You can create multiple project aliases by running firebase use --add, 
[info] but for now we'll just set up a default project.
[info] 
[debug] [2024-12-03T01:51:24.258Z] Checked if tokens are valid: true, expires at: 1733194148642
[debug] [2024-12-03T01:51:24.259Z] Checked if tokens are valid: true, expires at: 1733194148642
[debug] [2024-12-03T01:51:24.261Z] >>> [apiv2][query] GET https://firebase.googleapis.com/v1beta1/availableProjects pageSize=100
[debug] [2024-12-03T01:51:24.926Z] <<< [apiv2][status] GET https://firebase.googleapis.com/v1beta1/availableProjects 200
[debug] [2024-12-03T01:51:24.927Z] <<< [apiv2][body] GET https://firebase.googleapis.com/v1beta1/availableProjects [omitted]
